/--------------------\
|  ViReport v0.0.1   |
| Niema Moshiri 2020 |
\--------------------/

========================   Workflow Process   ========================
[2020-04-11 23:16:09] ViReport was run as follows: ./ViReport.py -s ../Ebola_Sequences.fasta -t ../Sample_Times.tsv -o /home/colin/Desktop/NiemaLab/testingViReport/Results --continue_workflow -gz
[2020-04-11 23:16:09] Output directory: /home/colin/Desktop/NiemaLab/testingViReport/Results
[2020-04-11 23:16:09] Starting viral analysis workflow...

[2020-04-11 23:16:09] Initializing module implementations...
[2020-04-11 23:16:09] Finished initializing 13 module implementations

[2020-04-11 23:16:09] Running 'Preprocessing_SafeNames'...
[2020-04-11 23:16:13] Preprocessed sequences output to: /home/colin/Desktop/NiemaLab/testingViReport/Results/output_files/sequences_safe.fas.gz
[2020-04-11 23:16:13] Preprocessed sample times output to: /home/colin/Desktop/NiemaLab/testingViReport/Results/output_files/times_safe.txt.gz

[2020-04-11 23:16:13] Running 'MultipleSequenceAlignment_MAFFT'...
[2020-04-11 23:33:52] Multiple sequence alignment output to: /home/colin/Desktop/NiemaLab/testingViReport/Results/output_files/sequences_safe.aln.gz

[2020-04-11 23:33:52] Running 'PairwiseDistancesSequence_tn93'...
[2020-04-11 23:34:18] Pairwise sequence distances output to: /home/colin/Desktop/NiemaLab/testingViReport/Results/output_files/pairwise_distances_sequence.csv.gz

[2020-04-11 23:34:18] Running 'PhylogeneticInference_IQTREE'...
[2020-04-12 03:11:24] Inferred (unrooted) phylogeny output to: /home/colin/Desktop/NiemaLab/testingViReport/Results/output_files/unrooted.tre.gz

[2020-04-12 03:11:24] Running 'PairwiseDistancesTree_TreeSwift'...
[2020-04-12 03:11:38] Pairwise phylogenetic distances output to: /home/colin/Desktop/NiemaLab/testingViReport/Results/output_files/pairwise_distances_phylogeny.csv.gz

[2020-04-12 03:11:38] Running 'Rooting_MinVar'...
[2020-04-12 03:11:39] Rooted phylogeny output to: /home/colin/Desktop/NiemaLab/testingViReport/Results/output_files/rooted.tre.gz

[2020-04-12 03:11:39] Running 'Dating_treedater'...
