/--------------------\
|  ViReport v0.0.1   |
| Niema Moshiri 2020 |
\--------------------/

========================   Workflow Process   ========================
[2020-04-18 18:29:10] ViReport was run as follows: ./ViReport.py -s ../Ebola_Sequences.fasta -t ../Sample_Times.tsv -o ../Analysis/PhyloTools/IQTreeMFP/ --continue_workflow -gz --format Markdown --phylo IQTREEMFP
[2020-04-18 18:29:10] Output directory: /home/colin/Desktop/NiemaLab/testingViReport/Analysis/PhyloTools/IQTreeMFP
[2020-04-18 18:29:10] Starting viral analysis workflow...

[2020-04-18 18:29:10] Initializing module implementations...
[2020-04-18 18:29:10] Finished initializing 13 module implementations

[2020-04-18 18:29:10] Running 'Preprocessing_SafeNames'...
Safename sequences exist. Skipping recomputation.
Safename sample times exist. Skipping recomputation.
[2020-04-18 18:29:10] Compressing preprocessed sequence(s)...
[2020-04-18 18:29:10] Compressing preprocessed sample times...
[2020-04-18 18:29:10] Preprocessed sequences output to: /home/colin/Desktop/NiemaLab/testingViReport/Analysis/PhyloTools/IQTreeMFP/output_files/sequences_safe.fas.gz
[2020-04-18 18:29:10] Preprocessed sample times output to: /home/colin/Desktop/NiemaLab/testingViReport/Analysis/PhyloTools/IQTreeMFP/output_files/times_safe.txt.gz

[2020-04-18 18:29:10] Running 'MultipleSequenceAlignment_MAFFT'...
Multiple sequence alignment exists. Skipping recomputation.
[2020-04-18 18:29:10] Compressing multiple sequence alignment...
[2020-04-18 18:29:10] Multiple sequence alignment output to: /home/colin/Desktop/NiemaLab/testingViReport/Analysis/PhyloTools/IQTreeMFP/output_files/sequences_safe.aln.gz

[2020-04-18 18:29:10] Running 'PairwiseDistancesSequence_tn93'...
Pairwise sequence distances exist. Skipping recomputation.
[2020-04-18 18:29:10] Compressing multiple sequence alignment...
[2020-04-18 18:29:10] Pairwise sequence distances output to: /home/colin/Desktop/NiemaLab/testingViReport/Analysis/PhyloTools/IQTreeMFP/output_files/pairwise_distances_sequence.csv.gz

[2020-04-18 18:29:10] Running 'PhylogeneticInference_IQTREEMFP'...
Inferred phylogeny exists. Skipping recomputation.
[2020-04-18 18:29:10] Compressing (unrooted) phylogeny...
[2020-04-18 18:29:10] Inferred (unrooted) phylogeny output to: /home/colin/Desktop/NiemaLab/testingViReport/Analysis/PhyloTools/IQTreeMFP/output_files/unrooted.tre.gz

[2020-04-18 18:29:10] Running 'PairwiseDistancesTree_TreeSwift'...
Pairwise phylogenetic distances exist. Skipping recomputation.
[2020-04-18 18:29:10] Compressing pairwise phylogenetic distances...
[2020-04-18 18:29:10] Pairwise phylogenetic distances output to: /home/colin/Desktop/NiemaLab/testingViReport/Analysis/PhyloTools/IQTreeMFP/output_files/pairwise_distances_phylogeny.csv.gz

[2020-04-18 18:29:10] Running 'Rooting_MinVar'...
Rooted phylogeny exists. Skipping recomputation.
[2020-04-18 18:29:10] Compressing rooted phylogeny...
[2020-04-18 18:29:10] Rooted phylogeny output to: /home/colin/Desktop/NiemaLab/testingViReport/Analysis/PhyloTools/IQTreeMFP/output_files/rooted.tre.gz

[2020-04-18 18:29:10] Running 'Dating_treedater'...
Dated tree exists. Skipping recomputation.
[2020-04-18 18:29:10] Compressing dated phylogeny...
[2020-04-18 18:29:10] Dated phylogeny output to: /home/colin/Desktop/NiemaLab/testingViReport/Analysis/PhyloTools/IQTreeMFP/output_files/dated.tre.gz

[2020-04-18 18:29:10] Running 'AncestralSequenceReconstruction_TreeTime'...
Ancestral sequences exist. Skipping recomputation.
[2020-04-18 18:29:10] Compressing ancestral sequence(s)...
[2020-04-18 18:29:10] Ancestral sequence(s) output to: /home/colin/Desktop/NiemaLab/testingViReport/Analysis/PhyloTools/IQTreeMFP/output_files/ancestral_sequences.fas.gz

[2020-04-18 18:29:10] Running 'TransmissionClustering_TreeN93TreeDists'...
Transmission clusters exist. Skipping recomputation.
[2020-04-18 18:29:10] Compressing transmission clusters...
[2020-04-18 18:29:10] Transmission clusters output to: /home/colin/Desktop/NiemaLab/testingViReport/Analysis/PhyloTools/IQTreeMFP/output_files/transmission_clusters.tsv.gz

[2020-04-18 18:29:10] Writing report using 'WriteReport_Default'...
[2020-04-18 18:33:31] Report written to: /home/colin/Desktop/NiemaLab/testingViReport/Analysis/PhyloTools/IQTreeMFP/Report.md


==========================   Information   ===========================
Output Size (bytes): 258582656
Execution Time (seconds): 260


===========================   Citations   ============================
Kalyaanamoorthy S., Minh B.Q., Wong T.K.F., von Haeseler A., Jermiin L.S. (2017). "ModelFinder: Fast model selection for accurate phylogenetic estimates". Nature Methods. 14, 587-589.
Katoh K., Standley D.M. (2013). "MAFFT Multiple Sequence Alignment Software Version 7: Improvements in Performance and Usability". Molecular Biology and Evolution. 30(4), 772-780.
Mai U., Sayyari E., Mirarab S. (2017). "Minimum Variance Rooting of Phylogenetic Trees and Implications for Species Tree Reconstruction". PLoS ONE. 12(8), e0182238.
Moshiri N. (2018). "TreeN93: a non-parametric distance-based method for inferring viral transmission clusters". bioRxiv.
Moshiri N. (2020). "TreeSwift: a massively scalable Python tree package". SoftwareX. In press.
Moshiri N. (2020). "ViReport" (https://github.com/niemasd/ViReport).
Nguyen L.T., Schmidt H.A., von Haeseler A., Minh B.Q. (2015). "IQ-TREE: A fast and effective stochastic algorithm for estimating maximum likelihood phylogenies". Molecular Biology and Evolution. 32(1), 268-274.
Pond S.L.K., Weaver S., Leigh Brown A.J., Wertheim J.O. (2018). "HIV-TRACE (TRAnsmission Cluster Engine): a Tool for Large Scale Molecular Epidemiology of HIV-1 and Other Rapidly Evolving Pathogens". Molecular Biology and Evolution. 35(7), 1812-1819.
Sagulenko P., Puller V., Neher R.A. (2018). "TreeTime: Maximum-likelihood phylodynamic analysis". Virus Evolution. 4(1), vex042.
Volz E.M., Frost S.D.W. (2017). "Scalable relaxed clock phylogenetic dating". Virus Evolution. 3(2), vex025.
