/--------------------\
|  ViReport v0.0.1   |
| Niema Moshiri 2020 |
\--------------------/

========================   Workflow Process   ========================
[2020-04-19 10:11:13] ViReport was run as follows: ./ViReport.py -s ../Ebola_Sequences.fasta -t ../Sample_Times.tsv -o ../Analysis/DatingTools/LSD2/ --continue_workflow -gz --format Markdown --date LSD2
[2020-04-19 10:11:13] Output directory: /home/colin/Desktop/NiemaLab/testingViReport/Analysis/DatingTools/LSD2
[2020-04-19 10:11:13] Starting viral analysis workflow...

[2020-04-19 10:11:13] Initializing module implementations...
[2020-04-19 10:11:13] Finished initializing 13 module implementations

[2020-04-19 10:11:13] Running 'Preprocessing_SafeNames'...
Safename sequences exist. Skipping recomputation.
Safename sample times exist. Skipping recomputation.
[2020-04-19 10:11:13] Compressing preprocessed sequence(s)...
[2020-04-19 10:11:13] Compressing preprocessed sample times...
[2020-04-19 10:11:13] Preprocessed sequences output to: /home/colin/Desktop/NiemaLab/testingViReport/Analysis/DatingTools/LSD2/output_files/sequences_safe.fas.gz
[2020-04-19 10:11:13] Preprocessed sample times output to: /home/colin/Desktop/NiemaLab/testingViReport/Analysis/DatingTools/LSD2/output_files/times_safe.txt.gz

[2020-04-19 10:11:13] Running 'MultipleSequenceAlignment_MAFFT'...
Multiple sequence alignment exists. Skipping recomputation.
[2020-04-19 10:11:13] Compressing multiple sequence alignment...
[2020-04-19 10:11:13] Multiple sequence alignment output to: /home/colin/Desktop/NiemaLab/testingViReport/Analysis/DatingTools/LSD2/output_files/sequences_safe.aln.gz

[2020-04-19 10:11:13] Running 'PairwiseDistancesSequence_tn93'...
Pairwise sequence distances exist. Skipping recomputation.
[2020-04-19 10:11:13] Compressing multiple sequence alignment...
[2020-04-19 10:11:13] Pairwise sequence distances output to: /home/colin/Desktop/NiemaLab/testingViReport/Analysis/DatingTools/LSD2/output_files/pairwise_distances_sequence.csv.gz

[2020-04-19 10:11:13] Running 'PhylogeneticInference_IQTREEMFP'...
Inferred phylogeny exists. Skipping recomputation.
[2020-04-19 10:11:13] Compressing (unrooted) phylogeny...
[2020-04-19 10:11:13] Inferred (unrooted) phylogeny output to: /home/colin/Desktop/NiemaLab/testingViReport/Analysis/DatingTools/LSD2/output_files/unrooted.tre.gz

[2020-04-19 10:11:13] Running 'PairwiseDistancesTree_TreeSwift'...
Pairwise phylogenetic distances exist. Skipping recomputation.
[2020-04-19 10:11:13] Compressing pairwise phylogenetic distances...
[2020-04-19 10:11:13] Pairwise phylogenetic distances output to: /home/colin/Desktop/NiemaLab/testingViReport/Analysis/DatingTools/LSD2/output_files/pairwise_distances_phylogeny.csv.gz

[2020-04-19 10:11:13] Running 'Rooting_MinVar'...
Rooted phylogeny exists. Skipping recomputation.
[2020-04-19 10:11:13] Compressing rooted phylogeny...
[2020-04-19 10:11:13] Rooted phylogeny output to: /home/colin/Desktop/NiemaLab/testingViReport/Analysis/DatingTools/LSD2/output_files/rooted.tre.gz

[2020-04-19 10:11:13] Running 'Dating_LSD2'...
