/--------------------\
|  ViReport v0.0.1   |
| Niema Moshiri 2020 |
\--------------------/

========================   Workflow Process   ========================
[2020-04-13 19:42:46] ViReport was run as follows: ./ViReport.py -s ../Ebola_Sequences.fasta -t ../Sample_Times.tsv -o /home/colin/Desktop/NiemaLab/testingViReport/Analysis/PhyloTools/IQTree/ --continue_workflow -gz
[2020-04-13 19:42:46] Output directory: /home/colin/Desktop/NiemaLab/testingViReport/Analysis/PhyloTools/IQTree
[2020-04-13 19:42:46] Starting viral analysis workflow...

[2020-04-13 19:42:46] Initializing module implementations...
[2020-04-13 19:42:46] Finished initializing 13 module implementations

[2020-04-13 19:42:46] Running 'Preprocessing_SafeNames'...
Safename sequences exist. Skipping recomputation.
Safename sample times exist. Skipping recomputation.
[2020-04-13 19:42:50] Preprocessed sequences output to: /home/colin/Desktop/NiemaLab/testingViReport/Analysis/PhyloTools/IQTree/output_files/sequences_safe.fas.gz
[2020-04-13 19:42:50] Preprocessed sample times output to: /home/colin/Desktop/NiemaLab/testingViReport/Analysis/PhyloTools/IQTree/output_files/times_safe.txt.gz

[2020-04-13 19:42:50] Running 'MultipleSequenceAlignment_MAFFT'...
[2020-04-13 20:05:33] Multiple sequence alignment output to: /home/colin/Desktop/NiemaLab/testingViReport/Analysis/PhyloTools/IQTree/output_files/sequences_safe.aln.gz

[2020-04-13 20:05:33] Running 'PairwiseDistancesSequence_tn93'...
[2020-04-13 20:06:17] Pairwise sequence distances output to: /home/colin/Desktop/NiemaLab/testingViReport/Analysis/PhyloTools/IQTree/output_files/pairwise_distances_sequence.csv.gz

[2020-04-13 20:06:17] Running 'PhylogeneticInference_IQTREE'...
[2020-04-14 06:41:14] Inferred (unrooted) phylogeny output to: /home/colin/Desktop/NiemaLab/testingViReport/Analysis/PhyloTools/IQTree/output_files/unrooted.tre.gz

[2020-04-14 06:41:14] Running 'PairwiseDistancesTree_TreeSwift'...
[2020-04-14 06:41:40] Pairwise phylogenetic distances output to: /home/colin/Desktop/NiemaLab/testingViReport/Analysis/PhyloTools/IQTree/output_files/pairwise_distances_phylogeny.csv.gz

[2020-04-14 06:41:40] Running 'Rooting_MinVar'...
[2020-04-14 06:41:41] Rooted phylogeny output to: /home/colin/Desktop/NiemaLab/testingViReport/Analysis/PhyloTools/IQTree/output_files/rooted.tre.gz

[2020-04-14 06:41:41] Running 'Dating_treedater'...
