/--------------------\
|  ViReport v0.0.1   |
| Niema Moshiri 2020 |
\--------------------/

========================   Workflow Process   ========================
[2020-04-18 16:01:10] ViReport was run as follows: ./ViReport.py -s ../Ebola_Sequences.fasta -t ../Sample_Times.tsv -o ../Analysis/PhyloTools/IQTreeMFP/ --continue_workflow -gz --phylo IQTREEMFP
[2020-04-18 16:01:10] Output directory: /home/colin/Desktop/NiemaLab/testingViReport/Analysis/PhyloTools/IQTreeMFP
[2020-04-18 16:01:10] Starting viral analysis workflow...

[2020-04-18 16:01:10] Initializing module implementations...
[2020-04-18 16:01:10] Finished initializing 13 module implementations

[2020-04-18 16:01:10] Running 'Preprocessing_SafeNames'...
Safename sequences exist. Skipping recomputation.
Safename sample times exist. Skipping recomputation.
[2020-04-18 16:01:10] Compressing preprocessed sequence(s)...
[2020-04-18 16:01:10] Compressing preprocessed sample times...
[2020-04-18 16:01:10] Preprocessed sequences output to: /home/colin/Desktop/NiemaLab/testingViReport/Analysis/PhyloTools/IQTreeMFP/output_files/sequences_safe.fas.gz
[2020-04-18 16:01:10] Preprocessed sample times output to: /home/colin/Desktop/NiemaLab/testingViReport/Analysis/PhyloTools/IQTreeMFP/output_files/times_safe.txt.gz

[2020-04-18 16:01:10] Running 'MultipleSequenceAlignment_MAFFT'...
Multiple sequence alignment exists. Skipping recomputation.
[2020-04-18 16:01:10] Compressing multiple sequence alignment...
[2020-04-18 16:01:10] Multiple sequence alignment output to: /home/colin/Desktop/NiemaLab/testingViReport/Analysis/PhyloTools/IQTreeMFP/output_files/sequences_safe.aln.gz

[2020-04-18 16:01:10] Running 'PairwiseDistancesSequence_tn93'...
Pairwise sequence distances exist. Skipping recomputation.
[2020-04-18 16:01:10] Compressing multiple sequence alignment...
[2020-04-18 16:01:10] Pairwise sequence distances output to: /home/colin/Desktop/NiemaLab/testingViReport/Analysis/PhyloTools/IQTreeMFP/output_files/pairwise_distances_sequence.csv.gz

[2020-04-18 16:01:10] Running 'PhylogeneticInference_IQTREEMFP'...
Inferred phylogeny exists. Skipping recomputation.
[2020-04-18 16:01:10] Compressing (unrooted) phylogeny...
[2020-04-18 16:01:10] Inferred (unrooted) phylogeny output to: /home/colin/Desktop/NiemaLab/testingViReport/Analysis/PhyloTools/IQTreeMFP/output_files/unrooted.tre.gz

[2020-04-18 16:01:10] Running 'PairwiseDistancesTree_TreeSwift'...
Pairwise phylogenetic distances exist. Skipping recomputation.
[2020-04-18 16:01:10] Compressing pairwise phylogenetic distances...
[2020-04-18 16:01:10] Pairwise phylogenetic distances output to: /home/colin/Desktop/NiemaLab/testingViReport/Analysis/PhyloTools/IQTreeMFP/output_files/pairwise_distances_phylogeny.csv.gz

[2020-04-18 16:01:10] Running 'Rooting_MinVar'...
Rooted phylogeny exists. Skipping recomputation.
[2020-04-18 16:01:10] Compressing rooted phylogeny...
[2020-04-18 16:01:10] Rooted phylogeny output to: /home/colin/Desktop/NiemaLab/testingViReport/Analysis/PhyloTools/IQTreeMFP/output_files/rooted.tre.gz

[2020-04-18 16:01:10] Running 'Dating_treedater'...
Dated tree exists. Skipping recomputation.
[2020-04-18 16:01:10] Compressing dated phylogeny...
[2020-04-18 16:01:10] Dated phylogeny output to: /home/colin/Desktop/NiemaLab/testingViReport/Analysis/PhyloTools/IQTreeMFP/output_files/dated.tre.gz

[2020-04-18 16:01:10] Running 'AncestralSequenceReconstruction_TreeTime'...
Ancestral sequences exist. Skipping recomputation.
[2020-04-18 16:01:10] Compressing ancestral sequence(s)...
[2020-04-18 16:01:10] Ancestral sequence(s) output to: /home/colin/Desktop/NiemaLab/testingViReport/Analysis/PhyloTools/IQTreeMFP/output_files/ancestral_sequences.fas.gz

[2020-04-18 16:01:10] Running 'TransmissionClustering_TreeN93TreeDists'...
Transmission clusters exist. Skipping recomputation.
[2020-04-18 16:01:10] Compressing transmission clusters...
[2020-04-18 16:01:10] Transmission clusters output to: /home/colin/Desktop/NiemaLab/testingViReport/Analysis/PhyloTools/IQTreeMFP/output_files/transmission_clusters.tsv.gz

[2020-04-18 16:01:10] Writing report using 'WriteReport_Default'...
